{"/home/kudya/Programming/PET/fullstack-test-task/frontend/src/api/client.ts": {"path":"/home/kudya/Programming/PET/fullstack-test-task/frontend/src/api/client.ts","all":false,"statementMap":{"2":{"start":{"line":3,"column":0},"end":{"line":3,"column":59}},"4":{"start":{"line":5,"column":0},"end":{"line":5,"column":37}},"5":{"start":{"line":6,"column":0},"end":{"line":6,"column":14}},"6":{"start":{"line":7,"column":0},"end":{"line":7,"column":28}},"7":{"start":{"line":8,"column":0},"end":{"line":8,"column":20}},"8":{"start":{"line":9,"column":0},"end":{"line":9,"column":5}},"9":{"start":{"line":10,"column":0},"end":{"line":10,"column":19}},"10":{"start":{"line":11,"column":0},"end":{"line":11,"column":27}},"11":{"start":{"line":12,"column":0},"end":{"line":12,"column":3}},"12":{"start":{"line":13,"column":0},"end":{"line":13,"column":1}},"14":{"start":{"line":15,"column":0},"end":{"line":15,"column":64}},"15":{"start":{"line":16,"column":0},"end":{"line":16,"column":7}},"16":{"start":{"line":17,"column":0},"end":{"line":17,"column":65}},"17":{"start":{"line":18,"column":0},"end":{"line":18,"column":42}},"18":{"start":{"line":19,"column":0},"end":{"line":19,"column":25}},"19":{"start":{"line":20,"column":0},"end":{"line":20,"column":5}},"20":{"start":{"line":21,"column":0},"end":{"line":21,"column":11}},"21":{"start":{"line":22,"column":0},"end":{"line":22,"column":31}},"22":{"start":{"line":23,"column":0},"end":{"line":23,"column":3}},"23":{"start":{"line":24,"column":0},"end":{"line":24,"column":29}},"24":{"start":{"line":25,"column":0},"end":{"line":25,"column":1}},"26":{"start":{"line":27,"column":0},"end":{"line":27,"column":73}},"27":{"start":{"line":28,"column":0},"end":{"line":28,"column":59}},"28":{"start":{"line":29,"column":0},"end":{"line":29,"column":21}},"29":{"start":{"line":30,"column":0},"end":{"line":30,"column":68}},"30":{"start":{"line":31,"column":0},"end":{"line":31,"column":3}},"31":{"start":{"line":32,"column":0},"end":{"line":32,"column":32}},"32":{"start":{"line":33,"column":0},"end":{"line":33,"column":26}},"33":{"start":{"line":34,"column":0},"end":{"line":34,"column":3}},"34":{"start":{"line":35,"column":0},"end":{"line":35,"column":39}},"35":{"start":{"line":36,"column":0},"end":{"line":36,"column":1}},"37":{"start":{"line":38,"column":0},"end":{"line":38,"column":51}},"38":{"start":{"line":39,"column":0},"end":{"line":39,"column":27}},"39":{"start":{"line":40,"column":0},"end":{"line":40,"column":1}},"41":{"start":{"line":42,"column":0},"end":{"line":42,"column":53}},"42":{"start":{"line":43,"column":0},"end":{"line":43,"column":28}},"43":{"start":{"line":44,"column":0},"end":{"line":44,"column":1}},"45":{"start":{"line":46,"column":0},"end":{"line":46,"column":74}},"46":{"start":{"line":47,"column":0},"end":{"line":47,"column":30}},"47":{"start":{"line":48,"column":0},"end":{"line":48,"column":30}},"48":{"start":{"line":49,"column":0},"end":{"line":49,"column":28}},"49":{"start":{"line":50,"column":0},"end":{"line":50,"column":59}},"50":{"start":{"line":51,"column":0},"end":{"line":51,"column":1}},"52":{"start":{"line":53,"column":0},"end":{"line":53,"column":59}},"53":{"start":{"line":54,"column":0},"end":{"line":54,"column":59}},"54":{"start":{"line":55,"column":0},"end":{"line":55,"column":1}},"56":{"start":{"line":57,"column":0},"end":{"line":57,"column":85}},"57":{"start":{"line":58,"column":0},"end":{"line":58,"column":71}},"58":{"start":{"line":59,"column":0},"end":{"line":59,"column":21}},"59":{"start":{"line":60,"column":0},"end":{"line":60,"column":68}},"60":{"start":{"line":61,"column":0},"end":{"line":61,"column":3}},"62":{"start":{"line":63,"column":0},"end":{"line":63,"column":37}},"63":{"start":{"line":64,"column":0},"end":{"line":64,"column":40}},"64":{"start":{"line":65,"column":0},"end":{"line":65,"column":43}},"65":{"start":{"line":66,"column":0},"end":{"line":66,"column":18}},"66":{"start":{"line":67,"column":0},"end":{"line":67,"column":27}},"67":{"start":{"line":68,"column":0},"end":{"line":68,"column":15}},"68":{"start":{"line":69,"column":0},"end":{"line":69,"column":27}},"69":{"start":{"line":70,"column":0},"end":{"line":70,"column":1}}},"s":{"2":1,"4":1,"5":1,"6":8,"7":8,"8":8,"9":8,"10":8,"11":8,"12":1,"14":3,"15":3,"16":3,"17":3,"18":1,"19":1,"20":3,"21":1,"22":1,"23":1,"24":1,"26":6,"27":6,"28":6,"29":2,"30":2,"31":6,"32":1,"33":1,"34":3,"35":3,"37":1,"38":3,"39":3,"41":1,"42":1,"43":1,"45":1,"46":1,"47":1,"48":1,"49":1,"50":1,"52":1,"53":1,"54":1,"56":2,"57":2,"58":2,"59":1,"60":1,"62":1,"63":1,"64":1,"65":1,"66":1,"67":1,"68":1,"69":1},"branchMap":{"0":{"type":"branch","line":6,"loc":{"start":{"line":6,"column":2},"end":{"line":12,"column":3}},"locations":[{"start":{"line":6,"column":2},"end":{"line":12,"column":3}}]},"1":{"type":"branch","line":15,"loc":{"start":{"line":15,"column":0},"end":{"line":25,"column":1}},"locations":[{"start":{"line":15,"column":0},"end":{"line":25,"column":1}}]},"2":{"type":"branch","line":17,"loc":{"start":{"line":17,"column":38},"end":{"line":18,"column":41}},"locations":[{"start":{"line":17,"column":38},"end":{"line":18,"column":41}}]},"3":{"type":"branch","line":18,"loc":{"start":{"line":18,"column":41},"end":{"line":20,"column":5}},"locations":[{"start":{"line":18,"column":41},"end":{"line":20,"column":5}}]},"4":{"type":"branch","line":21,"loc":{"start":{"line":21,"column":2},"end":{"line":25,"column":1}},"locations":[{"start":{"line":21,"column":2},"end":{"line":25,"column":1}}]},"5":{"type":"branch","line":27,"loc":{"start":{"line":27,"column":0},"end":{"line":36,"column":1}},"locations":[{"start":{"line":27,"column":0},"end":{"line":36,"column":1}}]},"6":{"type":"branch","line":29,"loc":{"start":{"line":29,"column":20},"end":{"line":31,"column":3}},"locations":[{"start":{"line":29,"column":20},"end":{"line":31,"column":3}}]},"7":{"type":"branch","line":31,"loc":{"start":{"line":31,"column":2},"end":{"line":32,"column":31}},"locations":[{"start":{"line":31,"column":2},"end":{"line":32,"column":31}}]},"8":{"type":"branch","line":32,"loc":{"start":{"line":32,"column":31},"end":{"line":34,"column":3}},"locations":[{"start":{"line":32,"column":31},"end":{"line":34,"column":3}}]},"9":{"type":"branch","line":34,"loc":{"start":{"line":34,"column":2},"end":{"line":36,"column":1}},"locations":[{"start":{"line":34,"column":2},"end":{"line":36,"column":1}}]},"10":{"type":"branch","line":38,"loc":{"start":{"line":38,"column":7},"end":{"line":40,"column":1}},"locations":[{"start":{"line":38,"column":7},"end":{"line":40,"column":1}}]},"11":{"type":"branch","line":42,"loc":{"start":{"line":42,"column":7},"end":{"line":44,"column":1}},"locations":[{"start":{"line":42,"column":7},"end":{"line":44,"column":1}}]},"12":{"type":"branch","line":46,"loc":{"start":{"line":46,"column":7},"end":{"line":51,"column":1}},"locations":[{"start":{"line":46,"column":7},"end":{"line":51,"column":1}}]},"13":{"type":"branch","line":53,"loc":{"start":{"line":53,"column":7},"end":{"line":55,"column":1}},"locations":[{"start":{"line":53,"column":7},"end":{"line":55,"column":1}}]},"14":{"type":"branch","line":57,"loc":{"start":{"line":57,"column":0},"end":{"line":70,"column":1}},"locations":[{"start":{"line":57,"column":0},"end":{"line":70,"column":1}}]},"15":{"type":"branch","line":59,"loc":{"start":{"line":59,"column":20},"end":{"line":70,"column":1}},"locations":[{"start":{"line":59,"column":20},"end":{"line":70,"column":1}}]}},"b":{"0":[8],"1":[3],"2":[2],"3":[1],"4":[1],"5":[6],"6":[2],"7":[4],"8":[1],"9":[3],"10":[3],"11":[1],"12":[1],"13":[1],"14":[2],"15":[1]},"fnMap":{"0":{"name":"ApiError","decl":{"start":{"line":6,"column":2},"end":{"line":12,"column":3}},"loc":{"start":{"line":6,"column":2},"end":{"line":12,"column":3}},"line":6},"1":{"name":"parseError","decl":{"start":{"line":15,"column":0},"end":{"line":25,"column":1}},"loc":{"start":{"line":15,"column":0},"end":{"line":25,"column":1}},"line":15},"2":{"name":"request","decl":{"start":{"line":27,"column":0},"end":{"line":36,"column":1}},"loc":{"start":{"line":27,"column":0},"end":{"line":36,"column":1}},"line":27},"3":{"name":"fetchFiles","decl":{"start":{"line":38,"column":7},"end":{"line":40,"column":1}},"loc":{"start":{"line":38,"column":7},"end":{"line":40,"column":1}},"line":38},"4":{"name":"fetchAlerts","decl":{"start":{"line":42,"column":7},"end":{"line":44,"column":1}},"loc":{"start":{"line":42,"column":7},"end":{"line":44,"column":1}},"line":42},"5":{"name":"uploadFile","decl":{"start":{"line":46,"column":7},"end":{"line":51,"column":1}},"loc":{"start":{"line":46,"column":7},"end":{"line":51,"column":1}},"line":46},"6":{"name":"deleteFile","decl":{"start":{"line":53,"column":7},"end":{"line":55,"column":1}},"loc":{"start":{"line":53,"column":7},"end":{"line":55,"column":1}},"line":53},"7":{"name":"downloadFile","decl":{"start":{"line":57,"column":0},"end":{"line":70,"column":1}},"loc":{"start":{"line":57,"column":0},"end":{"line":70,"column":1}},"line":57}},"f":{"0":8,"1":3,"2":6,"3":3,"4":1,"5":1,"6":1,"7":2}}
,"/home/kudya/Programming/PET/fullstack-test-task/frontend/src/composables/useAlertText.ts": {"path":"/home/kudya/Programming/PET/fullstack-test-task/frontend/src/composables/useAlertText.ts","all":false,"statementMap":{"0":{"start":{"line":1,"column":0},"end":{"line":1,"column":35}},"2":{"start":{"line":3,"column":0},"end":{"line":3,"column":56}},"3":{"start":{"line":4,"column":0},"end":{"line":4,"column":48}},"4":{"start":{"line":5,"column":0},"end":{"line":5,"column":53}},"6":{"start":{"line":7,"column":0},"end":{"line":7,"column":36}},"7":{"start":{"line":8,"column":0},"end":{"line":8,"column":17}},"8":{"start":{"line":9,"column":0},"end":{"line":9,"column":62}},"9":{"start":{"line":10,"column":0},"end":{"line":10,"column":11}},"10":{"start":{"line":11,"column":0},"end":{"line":11,"column":65}},"11":{"start":{"line":12,"column":0},"end":{"line":12,"column":19}},"12":{"start":{"line":13,"column":0},"end":{"line":13,"column":75}},"13":{"start":{"line":14,"column":0},"end":{"line":14,"column":3}},"15":{"start":{"line":16,"column":0},"end":{"line":16,"column":63}},"16":{"start":{"line":17,"column":0},"end":{"line":17,"column":18}},"17":{"start":{"line":18,"column":0},"end":{"line":18,"column":66}},"18":{"start":{"line":19,"column":0},"end":{"line":19,"column":3}},"20":{"start":{"line":21,"column":0},"end":{"line":21,"column":60}},"21":{"start":{"line":22,"column":0},"end":{"line":22,"column":47}},"22":{"start":{"line":23,"column":0},"end":{"line":23,"column":3}},"24":{"start":{"line":25,"column":0},"end":{"line":25,"column":77}},"25":{"start":{"line":26,"column":0},"end":{"line":26,"column":14}},"26":{"start":{"line":27,"column":0},"end":{"line":27,"column":89}},"27":{"start":{"line":28,"column":0},"end":{"line":28,"column":3}},"29":{"start":{"line":30,"column":0},"end":{"line":30,"column":70}},"30":{"start":{"line":31,"column":0},"end":{"line":31,"column":44}},"31":{"start":{"line":32,"column":0},"end":{"line":32,"column":3}},"33":{"start":{"line":34,"column":0},"end":{"line":34,"column":16}},"34":{"start":{"line":35,"column":0},"end":{"line":35,"column":1}},"36":{"start":{"line":37,"column":0},"end":{"line":37,"column":38}},"37":{"start":{"line":38,"column":0},"end":{"line":38,"column":18}},"38":{"start":{"line":39,"column":0},"end":{"line":39,"column":17}},"39":{"start":{"line":40,"column":0},"end":{"line":40,"column":62}},"40":{"start":{"line":41,"column":0},"end":{"line":41,"column":11}},"41":{"start":{"line":42,"column":0},"end":{"line":42,"column":24}},"42":{"start":{"line":43,"column":0},"end":{"line":43,"column":19}},"43":{"start":{"line":44,"column":0},"end":{"line":44,"column":3}},"45":{"start":{"line":46,"column":0},"end":{"line":46,"column":38}},"46":{"start":{"line":47,"column":0},"end":{"line":47,"column":42}},"47":{"start":{"line":48,"column":0},"end":{"line":48,"column":3}},"48":{"start":{"line":49,"column":0},"end":{"line":49,"column":35}},"49":{"start":{"line":50,"column":0},"end":{"line":50,"column":39}},"50":{"start":{"line":51,"column":0},"end":{"line":51,"column":3}},"51":{"start":{"line":52,"column":0},"end":{"line":52,"column":45}},"52":{"start":{"line":53,"column":0},"end":{"line":53,"column":59}},"53":{"start":{"line":54,"column":0},"end":{"line":54,"column":30}},"54":{"start":{"line":55,"column":0},"end":{"line":55,"column":18}},"55":{"start":{"line":56,"column":0},"end":{"line":56,"column":50}},"56":{"start":{"line":57,"column":0},"end":{"line":57,"column":18}},"57":{"start":{"line":58,"column":0},"end":{"line":58,"column":75}},"58":{"start":{"line":59,"column":0},"end":{"line":59,"column":3}},"60":{"start":{"line":61,"column":0},"end":{"line":61,"column":17}},"61":{"start":{"line":62,"column":0},"end":{"line":62,"column":1}},"63":{"start":{"line":64,"column":0},"end":{"line":64,"column":32}},"64":{"start":{"line":65,"column":0},"end":{"line":65,"column":16}},"65":{"start":{"line":66,"column":0},"end":{"line":66,"column":29}},"66":{"start":{"line":67,"column":0},"end":{"line":67,"column":11}},"67":{"start":{"line":68,"column":0},"end":{"line":68,"column":72}},"68":{"start":{"line":69,"column":0},"end":{"line":69,"column":39}},"69":{"start":{"line":70,"column":0},"end":{"line":70,"column":3}},"70":{"start":{"line":71,"column":0},"end":{"line":71,"column":15}},"71":{"start":{"line":72,"column":0},"end":{"line":72,"column":1}},"73":{"start":{"line":74,"column":0},"end":{"line":74,"column":72}},"74":{"start":{"line":75,"column":0},"end":{"line":75,"column":57}},"75":{"start":{"line":76,"column":0},"end":{"line":76,"column":53}},"76":{"start":{"line":77,"column":0},"end":{"line":77,"column":19}},"77":{"start":{"line":78,"column":0},"end":{"line":78,"column":19}},"78":{"start":{"line":79,"column":0},"end":{"line":79,"column":20}},"79":{"start":{"line":80,"column":0},"end":{"line":80,"column":22}},"80":{"start":{"line":81,"column":0},"end":{"line":81,"column":5}},"81":{"start":{"line":82,"column":0},"end":{"line":82,"column":1}},"83":{"start":{"line":84,"column":0},"end":{"line":84,"column":32}},"84":{"start":{"line":85,"column":0},"end":{"line":85,"column":34}},"86":{"start":{"line":87,"column":0},"end":{"line":87,"column":10}},"87":{"start":{"line":88,"column":0},"end":{"line":88,"column":61}},"88":{"start":{"line":89,"column":0},"end":{"line":89,"column":87}},"89":{"start":{"line":90,"column":0},"end":{"line":90,"column":77}},"90":{"start":{"line":91,"column":0},"end":{"line":91,"column":4}},"91":{"start":{"line":92,"column":0},"end":{"line":92,"column":1}}},"s":{"0":1,"2":1,"3":1,"4":1,"6":1,"7":7,"8":7,"9":7,"10":7,"11":7,"12":2,"13":2,"15":5,"16":7,"17":1,"18":1,"20":7,"21":1,"22":1,"24":3,"25":7,"26":1,"27":1,"29":7,"30":1,"31":1,"33":1,"34":1,"36":1,"37":4,"38":4,"39":4,"40":4,"41":4,"42":1,"43":1,"45":4,"46":1,"47":1,"48":4,"49":1,"50":1,"51":1,"52":1,"53":1,"54":1,"55":1,"56":1,"57":1,"58":1,"60":0,"61":0,"63":1,"64":2,"65":2,"66":2,"67":2,"68":1,"69":1,"70":1,"71":1,"73":1,"74":1,"75":1,"76":1,"77":1,"78":1,"79":1,"80":1,"81":1,"83":1,"84":0,"86":0,"87":0,"88":0,"89":0,"90":0,"91":0},"branchMap":{"0":{"type":"branch","line":7,"loc":{"start":{"line":7,"column":7},"end":{"line":35,"column":1}},"locations":[{"start":{"line":7,"column":7},"end":{"line":35,"column":1}}]},"1":{"type":"branch","line":12,"loc":{"start":{"line":12,"column":18},"end":{"line":14,"column":3}},"locations":[{"start":{"line":12,"column":18},"end":{"line":14,"column":3}}]},"2":{"type":"branch","line":14,"loc":{"start":{"line":14,"column":2},"end":{"line":17,"column":17}},"locations":[{"start":{"line":14,"column":2},"end":{"line":17,"column":17}}]},"3":{"type":"branch","line":17,"loc":{"start":{"line":17,"column":17},"end":{"line":19,"column":3}},"locations":[{"start":{"line":17,"column":17},"end":{"line":19,"column":3}}]},"4":{"type":"branch","line":19,"loc":{"start":{"line":19,"column":2},"end":{"line":21,"column":59}},"locations":[{"start":{"line":19,"column":2},"end":{"line":21,"column":59}}]},"5":{"type":"branch","line":21,"loc":{"start":{"line":21,"column":59},"end":{"line":23,"column":3}},"locations":[{"start":{"line":21,"column":59},"end":{"line":23,"column":3}}]},"6":{"type":"branch","line":23,"loc":{"start":{"line":23,"column":2},"end":{"line":26,"column":13}},"locations":[{"start":{"line":23,"column":2},"end":{"line":26,"column":13}}]},"7":{"type":"branch","line":26,"loc":{"start":{"line":26,"column":13},"end":{"line":28,"column":3}},"locations":[{"start":{"line":26,"column":13},"end":{"line":28,"column":3}}]},"8":{"type":"branch","line":28,"loc":{"start":{"line":28,"column":2},"end":{"line":30,"column":69}},"locations":[{"start":{"line":28,"column":2},"end":{"line":30,"column":69}}]},"9":{"type":"branch","line":30,"loc":{"start":{"line":30,"column":69},"end":{"line":35,"column":1}},"locations":[{"start":{"line":30,"column":69},"end":{"line":35,"column":1}}]},"10":{"type":"branch","line":37,"loc":{"start":{"line":37,"column":7},"end":{"line":62,"column":1}},"locations":[{"start":{"line":37,"column":7},"end":{"line":62,"column":1}}]},"11":{"type":"branch","line":42,"loc":{"start":{"line":42,"column":23},"end":{"line":44,"column":3}},"locations":[{"start":{"line":42,"column":23},"end":{"line":44,"column":3}}]},"12":{"type":"branch","line":44,"loc":{"start":{"line":44,"column":2},"end":{"line":46,"column":37}},"locations":[{"start":{"line":44,"column":2},"end":{"line":46,"column":37}}]},"13":{"type":"branch","line":46,"loc":{"start":{"line":46,"column":37},"end":{"line":48,"column":3}},"locations":[{"start":{"line":46,"column":37},"end":{"line":48,"column":3}}]},"14":{"type":"branch","line":48,"loc":{"start":{"line":48,"column":2},"end":{"line":49,"column":34}},"locations":[{"start":{"line":48,"column":2},"end":{"line":49,"column":34}}]},"15":{"type":"branch","line":49,"loc":{"start":{"line":49,"column":34},"end":{"line":59,"column":3}},"locations":[{"start":{"line":49,"column":34},"end":{"line":59,"column":3}}]},"16":{"type":"branch","line":59,"loc":{"start":{"line":59,"column":2},"end":{"line":62,"column":1}},"locations":[{"start":{"line":59,"column":2},"end":{"line":62,"column":1}}]},"17":{"type":"branch","line":56,"loc":{"start":{"line":56,"column":11},"end":{"line":56,"column":49}},"locations":[{"start":{"line":56,"column":11},"end":{"line":56,"column":49}}]},"18":{"type":"branch","line":64,"loc":{"start":{"line":64,"column":7},"end":{"line":72,"column":1}},"locations":[{"start":{"line":64,"column":7},"end":{"line":72,"column":1}}]},"19":{"type":"branch","line":68,"loc":{"start":{"line":68,"column":36},"end":{"line":68,"column":71}},"locations":[{"start":{"line":68,"column":36},"end":{"line":68,"column":71}}]},"20":{"type":"branch","line":68,"loc":{"start":{"line":68,"column":71},"end":{"line":72,"column":1}},"locations":[{"start":{"line":68,"column":71},"end":{"line":72,"column":1}}]},"21":{"type":"branch","line":74,"loc":{"start":{"line":74,"column":7},"end":{"line":82,"column":1}},"locations":[{"start":{"line":74,"column":7},"end":{"line":82,"column":1}}]},"22":{"type":"branch","line":75,"loc":{"start":{"line":75,"column":39},"end":{"line":75,"column":57}},"locations":[{"start":{"line":75,"column":39},"end":{"line":75,"column":57}}]}},"b":{"0":[7],"1":[2],"2":[5],"3":[1],"4":[4],"5":[1],"6":[3],"7":[1],"8":[2],"9":[1],"10":[4],"11":[1],"12":[3],"13":[1],"14":[2],"15":[1],"16":[0],"17":[1],"18":[2],"19":[1],"20":[1],"21":[1],"22":[0]},"fnMap":{"0":{"name":"translateScanDetail","decl":{"start":{"line":7,"column":7},"end":{"line":35,"column":1}},"loc":{"start":{"line":7,"column":7},"end":{"line":35,"column":1}},"line":7},"1":{"name":"translateAlertMessage","decl":{"start":{"line":37,"column":7},"end":{"line":62,"column":1}},"loc":{"start":{"line":37,"column":7},"end":{"line":62,"column":1}},"line":37},"2":{"name":"alertLevelLabel","decl":{"start":{"line":64,"column":7},"end":{"line":72,"column":1}},"loc":{"start":{"line":64,"column":7},"end":{"line":72,"column":1}},"line":64},"3":{"name":"formatAlertDate","decl":{"start":{"line":74,"column":7},"end":{"line":82,"column":1}},"loc":{"start":{"line":74,"column":7},"end":{"line":82,"column":1}},"line":74},"4":{"name":"useAlertText","decl":{"start":{"line":84,"column":7},"end":{"line":92,"column":1}},"loc":{"start":{"line":84,"column":7},"end":{"line":92,"column":1}},"line":84}},"f":{"0":7,"1":4,"2":2,"3":1,"4":0}}
,"/home/kudya/Programming/PET/fullstack-test-task/frontend/src/composables/useApiErrorMessage.ts": {"path":"/home/kudya/Programming/PET/fullstack-test-task/frontend/src/composables/useApiErrorMessage.ts","all":false,"statementMap":{"0":{"start":{"line":1,"column":0},"end":{"line":1,"column":35}},"1":{"start":{"line":2,"column":0},"end":{"line":2,"column":40}},"3":{"start":{"line":4,"column":0},"end":{"line":4,"column":34}},"4":{"start":{"line":5,"column":0},"end":{"line":5,"column":18}},"5":{"start":{"line":6,"column":0},"end":{"line":6,"column":62}},"6":{"start":{"line":7,"column":0},"end":{"line":7,"column":11}},"7":{"start":{"line":8,"column":0},"end":{"line":8,"column":37}},"8":{"start":{"line":9,"column":0},"end":{"line":9,"column":36}},"9":{"start":{"line":10,"column":0},"end":{"line":10,"column":3}},"10":{"start":{"line":11,"column":0},"end":{"line":11,"column":44}},"11":{"start":{"line":12,"column":0},"end":{"line":12,"column":42}},"12":{"start":{"line":13,"column":0},"end":{"line":13,"column":3}},"13":{"start":{"line":14,"column":0},"end":{"line":14,"column":43}},"14":{"start":{"line":15,"column":0},"end":{"line":15,"column":40}},"15":{"start":{"line":16,"column":0},"end":{"line":16,"column":3}},"16":{"start":{"line":17,"column":0},"end":{"line":17,"column":36}},"17":{"start":{"line":18,"column":0},"end":{"line":18,"column":33}},"18":{"start":{"line":19,"column":0},"end":{"line":19,"column":3}},"20":{"start":{"line":21,"column":0},"end":{"line":21,"column":86}},"21":{"start":{"line":22,"column":0},"end":{"line":22,"column":17}},"22":{"start":{"line":23,"column":0},"end":{"line":23,"column":60}},"23":{"start":{"line":24,"column":0},"end":{"line":24,"column":3}},"25":{"start":{"line":26,"column":0},"end":{"line":26,"column":17}},"26":{"start":{"line":27,"column":0},"end":{"line":27,"column":1}},"28":{"start":{"line":29,"column":0},"end":{"line":29,"column":31}},"29":{"start":{"line":30,"column":0},"end":{"line":30,"column":17}},"30":{"start":{"line":31,"column":0},"end":{"line":31,"column":19}},"31":{"start":{"line":32,"column":0},"end":{"line":32,"column":17}},"32":{"start":{"line":33,"column":0},"end":{"line":33,"column":62}},"33":{"start":{"line":34,"column":0},"end":{"line":34,"column":11}},"34":{"start":{"line":35,"column":0},"end":{"line":35,"column":37}},"35":{"start":{"line":36,"column":0},"end":{"line":36,"column":20}},"36":{"start":{"line":37,"column":0},"end":{"line":37,"column":3}},"37":{"start":{"line":38,"column":0},"end":{"line":38,"column":24}},"38":{"start":{"line":39,"column":0},"end":{"line":39,"column":25}},"39":{"start":{"line":40,"column":0},"end":{"line":40,"column":3}},"40":{"start":{"line":41,"column":0},"end":{"line":41,"column":45}},"41":{"start":{"line":42,"column":0},"end":{"line":42,"column":1}},"43":{"start":{"line":44,"column":0},"end":{"line":44,"column":38}},"44":{"start":{"line":45,"column":0},"end":{"line":45,"column":34}},"46":{"start":{"line":47,"column":0},"end":{"line":47,"column":63}},"47":{"start":{"line":48,"column":0},"end":{"line":48,"column":60}},"48":{"start":{"line":49,"column":0},"end":{"line":49,"column":3}},"50":{"start":{"line":51,"column":0},"end":{"line":51,"column":22}},"51":{"start":{"line":52,"column":0},"end":{"line":52,"column":1}}},"s":{"0":1,"1":1,"3":1,"4":7,"5":7,"6":7,"7":7,"8":2,"9":2,"10":7,"11":1,"12":1,"13":7,"14":1,"15":1,"16":7,"17":1,"18":1,"20":2,"21":7,"22":1,"23":1,"25":1,"26":1,"28":1,"29":3,"30":3,"31":3,"32":3,"33":3,"34":3,"35":1,"36":1,"37":3,"38":1,"39":1,"40":1,"41":1,"43":1,"44":0,"46":0,"47":0,"48":0,"50":0,"51":0},"branchMap":{"0":{"type":"branch","line":4,"loc":{"start":{"line":4,"column":7},"end":{"line":27,"column":1}},"locations":[{"start":{"line":4,"column":7},"end":{"line":27,"column":1}}]},"1":{"type":"branch","line":8,"loc":{"start":{"line":8,"column":36},"end":{"line":10,"column":3}},"locations":[{"start":{"line":8,"column":36},"end":{"line":10,"column":3}}]},"2":{"type":"branch","line":10,"loc":{"start":{"line":10,"column":2},"end":{"line":11,"column":43}},"locations":[{"start":{"line":10,"column":2},"end":{"line":11,"column":43}}]},"3":{"type":"branch","line":11,"loc":{"start":{"line":11,"column":43},"end":{"line":13,"column":3}},"locations":[{"start":{"line":11,"column":43},"end":{"line":13,"column":3}}]},"4":{"type":"branch","line":13,"loc":{"start":{"line":13,"column":2},"end":{"line":14,"column":42}},"locations":[{"start":{"line":13,"column":2},"end":{"line":14,"column":42}}]},"5":{"type":"branch","line":14,"loc":{"start":{"line":14,"column":42},"end":{"line":16,"column":3}},"locations":[{"start":{"line":14,"column":42},"end":{"line":16,"column":3}}]},"6":{"type":"branch","line":16,"loc":{"start":{"line":16,"column":2},"end":{"line":17,"column":35}},"locations":[{"start":{"line":16,"column":2},"end":{"line":17,"column":35}}]},"7":{"type":"branch","line":17,"loc":{"start":{"line":17,"column":35},"end":{"line":19,"column":3}},"locations":[{"start":{"line":17,"column":35},"end":{"line":19,"column":3}}]},"8":{"type":"branch","line":19,"loc":{"start":{"line":19,"column":2},"end":{"line":22,"column":16}},"locations":[{"start":{"line":19,"column":2},"end":{"line":22,"column":16}}]},"9":{"type":"branch","line":22,"loc":{"start":{"line":22,"column":16},"end":{"line":27,"column":1}},"locations":[{"start":{"line":22,"column":16},"end":{"line":27,"column":1}}]},"10":{"type":"branch","line":29,"loc":{"start":{"line":29,"column":7},"end":{"line":42,"column":1}},"locations":[{"start":{"line":29,"column":7},"end":{"line":42,"column":1}}]},"11":{"type":"branch","line":35,"loc":{"start":{"line":35,"column":36},"end":{"line":37,"column":3}},"locations":[{"start":{"line":35,"column":36},"end":{"line":37,"column":3}}]},"12":{"type":"branch","line":37,"loc":{"start":{"line":37,"column":2},"end":{"line":38,"column":23}},"locations":[{"start":{"line":37,"column":2},"end":{"line":38,"column":23}}]},"13":{"type":"branch","line":38,"loc":{"start":{"line":38,"column":23},"end":{"line":42,"column":1}},"locations":[{"start":{"line":38,"column":23},"end":{"line":42,"column":1}}]}},"b":{"0":[7],"1":[2],"2":[5],"3":[1],"4":[4],"5":[1],"6":[3],"7":[1],"8":[2],"9":[1],"10":[3],"11":[1],"12":[2],"13":[1]},"fnMap":{"0":{"name":"translateApiError","decl":{"start":{"line":4,"column":7},"end":{"line":27,"column":1}},"loc":{"start":{"line":4,"column":7},"end":{"line":27,"column":1}},"line":4},"1":{"name":"formatApiError","decl":{"start":{"line":29,"column":7},"end":{"line":42,"column":1}},"loc":{"start":{"line":29,"column":7},"end":{"line":42,"column":1}},"line":29},"2":{"name":"useApiErrorMessage","decl":{"start":{"line":44,"column":7},"end":{"line":52,"column":1}},"loc":{"start":{"line":44,"column":7},"end":{"line":52,"column":1}},"line":44}},"f":{"0":7,"1":3,"2":0}}
,"/home/kudya/Programming/PET/fullstack-test-task/frontend/src/utils/format.ts": {"path":"/home/kudya/Programming/PET/fullstack-test-task/frontend/src/utils/format.ts","all":false,"statementMap":{"0":{"start":{"line":1,"column":0},"end":{"line":1,"column":52}},"1":{"start":{"line":2,"column":0},"end":{"line":2,"column":21}},"2":{"start":{"line":3,"column":0},"end":{"line":3,"column":24}},"3":{"start":{"line":4,"column":0},"end":{"line":4,"column":3}},"4":{"start":{"line":5,"column":0},"end":{"line":5,"column":28}},"5":{"start":{"line":6,"column":0},"end":{"line":6,"column":45}},"6":{"start":{"line":7,"column":0},"end":{"line":7,"column":3}},"7":{"start":{"line":8,"column":0},"end":{"line":8,"column":52}},"8":{"start":{"line":9,"column":0},"end":{"line":9,"column":1}}},"s":{"0":1,"1":8,"2":3,"3":3,"4":8,"5":3,"6":3,"7":2,"8":2},"branchMap":{"0":{"type":"branch","line":1,"loc":{"start":{"line":1,"column":7},"end":{"line":9,"column":1}},"locations":[{"start":{"line":1,"column":7},"end":{"line":9,"column":1}}]},"1":{"type":"branch","line":2,"loc":{"start":{"line":2,"column":20},"end":{"line":4,"column":3}},"locations":[{"start":{"line":2,"column":20},"end":{"line":4,"column":3}}]},"2":{"type":"branch","line":4,"loc":{"start":{"line":4,"column":2},"end":{"line":5,"column":27}},"locations":[{"start":{"line":4,"column":2},"end":{"line":5,"column":27}}]},"3":{"type":"branch","line":5,"loc":{"start":{"line":5,"column":27},"end":{"line":7,"column":3}},"locations":[{"start":{"line":5,"column":27},"end":{"line":7,"column":3}}]},"4":{"type":"branch","line":7,"loc":{"start":{"line":7,"column":2},"end":{"line":9,"column":1}},"locations":[{"start":{"line":7,"column":2},"end":{"line":9,"column":1}}]}},"b":{"0":[8],"1":[3],"2":[5],"3":[3],"4":[2]},"fnMap":{"0":{"name":"formatBytes","decl":{"start":{"line":1,"column":7},"end":{"line":9,"column":1}},"loc":{"start":{"line":1,"column":7},"end":{"line":9,"column":1}},"line":1}},"f":{"0":8}}
}
